<?xml version="1.0" encoding="UTF-8"?>
<!-- Generated by org.testng.reporters.JUnitXMLReporter -->
<testsuite ignored="0" hostname="DESKTOP-SI26MFO" failures="0" tests="10" name="Default test" time="114.699" errors="0" timestamp="2024-07-13T13:07:38 IST">
  <testcase classname="pom_demoqa.TestRunner" name="TC001_SiteLogin" time="2.045"/>
  <testcase classname="pom_demoqa.TestRunner" name="TC002_TextBoxPage" time="12.462"/>
  <testcase classname="pom_demoqa.TestRunner" name="TC003_CheckBoxPage" time="9.478"/>
  <testcase classname="pom_demoqa.TestRunner" name="TC004_RadioButton" time="0.708"/>
  <testcase classname="pom_demoqa.TestRunner" name="TC005_WebTables" time="17.901"/>
  <testcase classname="pom_demoqa.TestRunner" name="TC006_Buttons" time="0.87"/>
  <testcase classname="pom_demoqa.TestRunner" name="TC007_Links" time="32.105"/>
  <testcase classname="pom_demoqa.TestRunner" name="TC008_BrokenElements" time="10.064"/>
  <testcase classname="pom_demoqa.TestRunner" name="TC009_UpDownCheck" time="7.275"/>
  <testcase classname="pom_demoqa.TestRunner" name="TC010_DynamicPropsCheck" time="9.464"/>
</testsuite> <!-- Default test -->
